

-----------------------------------------
22:55:44.310 : Starting log.
22:55:44.310 INFO : Cataclysm DDA version 0.F
22:55:44.310 INFO : [main] C locale set to en_US.utf8
22:55:44.310 INFO : [main] C++ locale set to en_US.utf8
22:55:44.325 WARNING : opendir [/home/mayr/.cataclysm-dda/cache] failed with "No such file or directory".
22:55:44.326 INFO : [options] C locale set to en_US.utf8
22:55:44.326 INFO : [options] C++ locale set to en_US.utf8
22:55:44.326 INFO : Setting language to: 'en'
22:55:44.326 INFO : [i18n] Scanning core translations from /usr/share/locale
22:55:44.326 INFO : [i18n] Scanning mod translations from /home/mayr/.cataclysm-dda/mods/
22:55:44.326 WARNING : opendir [/home/mayr/.cataclysm-dda/mods/] failed with "No such file or directory".
22:55:44.349 WARNING : opendir [/usr/share/cataclysm-dda/cache] failed with "No such file or directory".


-----------------------------------------
22:55:50.711 : Starting log.
22:55:50.711 INFO : Cataclysm DDA version 0.F
22:55:50.711 INFO : [main] C locale set to en_US.utf8
22:55:50.711 INFO : [main] C++ locale set to en_US.utf8
22:55:50.726 INFO : [options] C locale set to en_US.utf8
22:55:50.726 INFO : [options] C++ locale set to en_US.utf8
22:55:50.726 INFO : Setting language to: 'en'
22:55:50.726 INFO : [i18n] Scanning core translations from /usr/share/locale
22:55:50.726 INFO : [i18n] Scanning mod translations from /home/mayr/.cataclysm-dda/mods/
22:55:50.726 WARNING : opendir [/home/mayr/.cataclysm-dda/mods/] failed with "No such file or directory".
22:55:50.750 WARNING : opendir [/usr/share/cataclysm-dda/cache] failed with "No such file or directory".
22:55:50.764 WARNING : opendir [/home/mayr/.cataclysm-dda/mods] failed with "No such file or directory".
22:56:41.599 WARNING : opendir [/home/mayr/.cataclysm-dda/save/Newburyport/mods] failed with "No such file or directory".
22:56:41.794 INFO : src/mod_tracker.h:68: Tried check if 'FakeSpecial_s_gas' had a duplicate, but type 'overmap_special' does not track object sources
22:56:46.868 WARNING : opendir [/home/mayr/.cataclysm-dda/memorial] failed with "No such file or directory".
22:58:14.849 : Log shutdown.
-----------------------------------------



-----------------------------------------
22:58:41.979 : Starting log.
22:58:41.979 INFO : Cataclysm DDA version 0.F
22:58:41.979 INFO : [main] C locale set to en_US.utf8
22:58:41.979 INFO : [main] C++ locale set to en_US.utf8
22:58:41.994 INFO : [options] C locale set to en_US.utf8
22:58:41.994 INFO : [options] C++ locale set to en_US.utf8
22:58:41.994 INFO : Setting language to: 'en'
22:58:41.994 INFO : [i18n] Scanning core translations from /usr/share/locale
22:58:41.994 INFO : [i18n] Scanning mod translations from /home/mayr/.cataclysm-dda/mods/
22:58:41.994 WARNING : opendir [/home/mayr/.cataclysm-dda/mods/] failed with "No such file or directory".
22:58:42.024 WARNING : opendir [/usr/share/cataclysm-dda/cache] failed with "No such file or directory".
22:58:42.039 WARNING : opendir [/home/mayr/.cataclysm-dda/mods] failed with "No such file or directory".
22:58:52.642 : Log shutdown.
-----------------------------------------



-----------------------------------------
23:16:34.331 : Starting log.
23:16:34.331 INFO : Cataclysm DDA version 0.F
23:16:34.331 INFO : [main] C locale set to en_US.utf8
23:16:34.331 INFO : [main] C++ locale set to en_US.utf8
23:16:34.364 INFO : [options] C locale set to en_US.utf8
23:16:34.364 INFO : [options] C++ locale set to en_US.utf8
23:16:34.365 INFO : Setting language to: 'en'
23:16:34.365 INFO : [i18n] Scanning core translations from /usr/share/locale
23:16:34.365 INFO : [i18n] Scanning mod translations from /home/mayr/.cataclysm-dda/mods/
23:16:34.365 WARNING : opendir [/home/mayr/.cataclysm-dda/mods/] failed with "No such file or directory".
23:16:34.397 WARNING : opendir [/usr/share/cataclysm-dda/cache] failed with "No such file or directory".
23:16:34.412 WARNING : opendir [/home/mayr/.cataclysm-dda/mods] failed with "No such file or directory".
23:18:01.314 : Log shutdown.
-----------------------------------------



-----------------------------------------
23:18:02.294 : Starting log.
23:18:02.294 INFO : Cataclysm DDA version 0.F
23:18:02.294 INFO : [main] C locale set to en_US.utf8
23:18:02.294 INFO : [main] C++ locale set to en_US.utf8
23:18:02.310 INFO : [options] C locale set to en_US.utf8
23:18:02.310 INFO : [options] C++ locale set to en_US.utf8
23:18:02.310 INFO : Setting language to: 'en'
23:18:02.310 INFO : [i18n] Scanning core translations from /usr/share/locale
23:18:02.310 INFO : [i18n] Scanning mod translations from /home/mayr/.cataclysm-dda/mods/
23:18:02.310 WARNING : opendir [/home/mayr/.cataclysm-dda/mods/] failed with "No such file or directory".
23:18:02.336 WARNING : opendir [/usr/share/cataclysm-dda/cache] failed with "No such file or directory".
23:18:02.356 WARNING : opendir [/home/mayr/.cataclysm-dda/mods] failed with "No such file or directory".
23:22:19.316 : Log shutdown.
-----------------------------------------

